0 verbose cli C:\Program Files\nodejs\node.exe C:\Users\H P\AppData\Roaming\npm\node_modules\npm\bin\npm-cli.js
1 info using npm@9.1.2
2 info using node@v16.15.0
3 timing npm:load:whichnode Completed in 1ms
4 timing config:load:defaults Completed in 2ms
5 timing config:load:file:C:\Users\H P\AppData\Roaming\npm\node_modules\npm\npmrc Completed in 5ms
6 timing config:load:builtin Completed in 5ms
7 timing config:load:cli Completed in 3ms
8 timing config:load:env Completed in 0ms
9 timing config:load:file:D:\Next Level Course\Typescript\Module-1\.npmrc Completed in 0ms
10 timing config:load:project Completed in 3ms
11 timing config:load:file:C:\Users\H P\.npmrc Completed in 0ms
12 timing config:load:user Completed in 1ms
13 timing config:load:file:C:\Users\H P\AppData\Roaming\npm\etc\npmrc Completed in 1ms
14 timing config:load:global Completed in 1ms
15 timing config:load:setEnvs Completed in 2ms
16 timing config:load Completed in 17ms
17 timing npm:load:configload Completed in 17ms
18 timing npm:load:mkdirpcache Completed in 1ms
19 timing npm:load:mkdirplogs Completed in 0ms
20 verbose title npm exec ts-node-dev ./src/nullable-unknown-never.ts
21 verbose argv "exec" "--respawn" "ts-node-dev" "--" "./src/nullable-unknown-never.ts"
22 timing npm:load:setTitle Completed in 2ms
23 timing config:load:flatten Completed in 3ms
24 timing npm:load:display Completed in 4ms
25 verbose logfile logs-max:10 dir:D:\Next Level Course\Typescript\Module-1\Practice\P\AppData\Roaming\npm-cache\_npx\8220\_npx\4056\_logs\2023-05-26T00_27_52_447Z-
26 verbose logfile D:\Next Level Course\Typescript\Module-1\Practice\P\AppData\Roaming\npm-cache\_npx\8220\_npx\4056\_logs\2023-05-26T00_27_52_447Z-debug-0.log
27 timing npm:load:logFile Completed in 8ms
28 timing npm:load:timers Completed in 0ms
29 timing npm:load:configScope Completed in 0ms
30 timing npm:load Completed in 33ms
31 silly logfile start cleaning logs, removing 2 files
32 timing config:load:flatten Completed in 1ms
33 silly logfile done cleaning log files
34 timing command:exec Completed in 3801ms
35 verbose exit 0
36 timing npm Completed in 3873ms
37 info ok
